<?xml version="1.0" encoding="UTF-8"?>
<robot generator="Robot 6.1.1 (Python 3.11.2 on win32)" generated="20240112 17:24:03.796" rpa="false" schemaversion="4">
<suite id="s1" name="Demojen" source="D:\seperate\robot framework practice\RFjenkins\demojen.robot">
<test id="s1-t1" name="opening web application" line="17">
<kw name="opening application">
<kw name="Open Browser" library="SeleniumLibrary">
<arg>${url}</arg>
<arg>${browser}</arg>
<doc>Opens a new browser instance to the optional ``url``.</doc>
<msg timestamp="20240112 17:24:04.360" level="INFO">Opening browser 'edge' to base url 'https://www.google.com'.</msg>
<status status="PASS" starttime="20240112 17:24:04.359" endtime="20240112 17:24:11.389"/>
</kw>
<kw name="Maximize Browser Window" library="SeleniumLibrary">
<doc>Maximizes current browser window.</doc>
<status status="PASS" starttime="20240112 17:24:11.389" endtime="20240112 17:24:13.729"/>
</kw>
<kw name="Sleep" library="BuiltIn">
<arg>20s</arg>
<doc>Pauses the test executed for the given time.</doc>
<msg timestamp="20240112 17:24:33.731" level="INFO">Slept 20 seconds</msg>
<status status="PASS" starttime="20240112 17:24:13.729" endtime="20240112 17:24:33.731"/>
</kw>
<status status="PASS" starttime="20240112 17:24:04.359" endtime="20240112 17:24:33.731"/>
</kw>
<status status="PASS" starttime="20240112 17:24:04.358" endtime="20240112 17:24:33.731"/>
</test>
<status status="PASS" starttime="20240112 17:24:03.800" endtime="20240112 17:24:33.738"/>
</suite>
<statistics>
<total>
<stat pass="1" fail="0" skip="0">All Tests</stat>
</total>
<tag>
</tag>
<suite>
<stat pass="1" fail="0" skip="0" id="s1" name="Demojen">Demojen</stat>
</suite>
</statistics>
<errors>
</errors>
</robot>
